2021-03-08 16:05:02,334 [12904|3724] INFO - 0
2021-03-08 16:05:02,334 [12904|10224] INFO - 1
2021-03-08 16:05:02,335 [12904|13984] INFO - 2
2021-03-08 16:05:02,335 [12904|1580] INFO - 3
2021-03-08 16:05:02,336 [12904|9240] INFO - 4
2021-03-08 16:07:25,649 [5916|10924] INFO:0
2021-03-08 16:07:25,650 [5916|1708] INFO:1
2021-03-08 16:07:25,650 [5916|16228] INFO:2
2021-03-08 16:07:25,650 [5916|15972] INFO:3
2021-03-08 16:07:25,651 [5916|14812] INFO:4
2021-03-08 16:07:37,537 [15460|    7796] INFO:0
2021-03-08 16:07:37,537 [15460|    6492] INFO:1
2021-03-08 16:07:37,538 [15460|    8076] INFO:2
2021-03-08 16:07:37,538 [15460|    9932] INFO:3
2021-03-08 16:07:37,539 [15460|   16132] INFO:4
2021-03-08 16:08:01,117 [ 12024|    3948] INFO:0
2021-03-08 16:08:01,117 [ 12024|   15948] INFO:1
2021-03-08 16:08:01,118 [ 12024|    3696] INFO:2
2021-03-08 16:08:01,118 [ 12024|    7340] INFO:3
2021-03-08 16:08:01,119 [ 12024|    6500] INFO:4
2021-03-08 16:09:36,048 [ 11520|   12564]       INFO:0
2021-03-08 16:09:36,049 [ 11520|    3020]       INFO:1
2021-03-08 16:09:36,049 [ 11520|    6416]       INFO:2
2021-03-08 16:09:36,049 [ 11520|   16032]       INFO:3
2021-03-08 16:09:36,050 [ 11520|   15780]       INFO:4
2021-03-08 16:09:53,650 [  7880|   11044]       INFO:0
2021-03-08 16:09:53,651 [  7880|   10752]       INFO:1
2021-03-08 16:09:53,651 [  7880|    3216]       INFO:2
2021-03-08 16:09:53,651 [  7880|    2572]       INFO:3
2021-03-08 16:09:53,652 [  7880|   14380]       INFO:4
2021-03-08 16:09:53,652 [  7880|   12276]      ERROR:division by zero
2021-03-08 16:16:44,549 [   284| 11660] \(func.py:7\) INFO:0
2021-03-08 16:16:44,549 [   284|  1904] \(func.py:7\) INFO:1
2021-03-08 16:16:44,549 [   284| 11636] \(func.py:7\) INFO:2
2021-03-08 16:16:44,550 [   284|  2132] \(func.py:7\) INFO:3
2021-03-08 16:16:44,550 [   284|  9052] \(func.py:7\) INFO:4
2021-03-08 16:16:44,550 [   284| 15144] \(func.py:14\)ERROR:division by zero
2021-03-08 16:17:10,805 [  9692|  8512] (func.py:7) INFO:0
2021-03-08 16:17:10,805 [  9692| 15284] (func.py:7) INFO:1
2021-03-08 16:17:10,806 [  9692|  8020] (func.py:7) INFO:2
2021-03-08 16:17:10,806 [  9692|  9340] (func.py:7) INFO:3
2021-03-08 16:17:10,806 [  9692| 12112] (func.py:7) INFO:4
2021-03-08 16:17:10,806 [  9692|  2908] (func.py:14)ERROR:division by zero
2021-03-08 16:18:20,012 [  1444| 11460] (func.py:12)ERROR:error
2021-03-08 16:18:20,012 [  1444| 13348] (func.py:7) INFO:0
2021-03-08 16:18:20,012 [  1444| 11460] (func.py:15)ERROR:'Logger' object has no attribute 'Critical'
2021-03-08 16:18:41,581 [ 11604| 14088] (func.py:7) INFO:0
2021-03-08 16:18:41,582 [ 11604|  1328] (func.py:12)ERROR:error
2021-03-08 16:18:41,582 [ 11604|  1328] (func.py:13)CRITICAL:CRITICAL
2021-03-08 16:18:41,582 [ 11604|  1328] (func.py:12)ERROR:error
2021-03-08 16:18:41,582 [ 11604|  1328] (func.py:13)CRITICAL:CRITICAL
2021-03-08 16:18:41,582 [ 11604|  4004] (func.py:7) INFO:1
2021-03-08 16:18:41,583 [ 11604| 15496] (func.py:7) INFO:2
2021-03-08 16:18:41,583 [ 11604|  1328] (func.py:12)ERROR:error
2021-03-08 16:18:41,583 [ 11604|  1328] (func.py:13)CRITICAL:CRITICAL
2021-03-08 16:18:41,583 [ 11604|  1328] (func.py:12)ERROR:error
2021-03-08 16:18:41,583 [ 11604|  8972] (func.py:7) INFO:3
2021-03-08 16:18:41,583 [ 11604|  1328] (func.py:13)CRITICAL:CRITICAL
2021-03-08 16:18:41,584 [ 11604|  9396] (func.py:7) INFO:4
2021-03-08 16:18:41,584 [ 11604|  1328] (func.py:12)ERROR:error
2021-03-08 16:18:41,584 [ 11604|  1328] (func.py:13)CRITICAL:CRITICAL
2021-03-08 16:18:51,108 [  8012| 12036] (func.py:7) INFO:0
2021-03-08 16:18:51,108 [  8012| 10724] (func.py:7) INFO:1
2021-03-08 16:18:51,109 [  8012| 16336] (func.py:7) INFO:2
2021-03-08 16:18:51,109 [  8012|  9984] (func.py:7) INFO:3
2021-03-08 16:18:51,109 [  8012| 10224] (func.py:7) INFO:4
2021-03-08 16:18:51,109 [  8012|  6612] (func.py:12)ERROR:error
2021-03-08 16:18:51,110 [  8012|  6612] (func.py:13)CRITICAL:CRITICAL
2021-03-08 16:19:35,838  INFO[ 13432| 10152] (func.py:7):0
2021-03-08 16:19:35,838  INFO[ 13432| 10204] (func.py:7):1
2021-03-08 16:19:35,839  INFO[ 13432|  8648] (func.py:7):2
2021-03-08 16:19:35,839  INFO[ 13432| 10140] (func.py:7):3
2021-03-08 16:19:35,840 ERROR[ 13432|  7224] (func.py:12):error
2021-03-08 16:19:35,840 CRITICAL[ 13432|  7224] (func.py:13):CRITICAL
2021-03-08 16:19:35,840  INFO[ 13432| 12360] (func.py:7):4
2021-03-08 16:20:34,916  INFO[ 11780|  2032]func.py:7 - 0
2021-03-08 16:20:34,916  INFO[ 11780| 15552]func.py:7 - 1
2021-03-08 16:20:34,918  INFO[ 11780|  1580]func.py:7 - 2
2021-03-08 16:20:34,918  INFO[ 11780|  4188]func.py:7 - 3
2021-03-08 16:20:34,918  INFO[ 11780|  7880]func.py:7 - 4
2021-03-08 16:20:34,919 ERROR[ 11780|  2192]func.py:12 - error
2021-03-08 16:20:34,919 CRITICAL[ 11780|  2192]func.py:13 - CRITICAL
2021-03-08 16:21:22,363  INFO[  9272| 14088][func.py:7]  0
2021-03-08 16:21:22,363  INFO[  9272|  3036][func.py:7]  1
2021-03-08 16:21:22,363  INFO[  9272|  1740][func.py:7]  2
2021-03-08 16:21:22,364  INFO[  9272|  1728][func.py:7]  3
2021-03-08 16:21:22,364  INFO[  9272|  3844][func.py:7]  4
2021-03-08 16:21:22,364 ERROR[  9272| 13000][func.py:12]  error
2021-03-08 16:21:22,364 CRITICAL[  9272| 13000][func.py:13]  CRITICAL
2021-03-08 16:21:41,608  INFO[  5208|  5972](func.py:7)  0
2021-03-08 16:21:41,609  INFO[  5208|  2360](func.py:7)  1
2021-03-08 16:21:41,609  INFO[  5208| 15428](func.py:7)  2
2021-03-08 16:21:41,609  INFO[  5208|  3628](func.py:7)  3
2021-03-08 16:21:41,610  INFO[  5208|  8376](func.py:7)  4
2021-03-08 16:21:41,610 ERROR[  5208| 16032](func.py:12)  error
2021-03-08 16:21:41,610 CRITICAL[  5208| 16032](func.py:13)  CRITICAL
